Arguments: 
  /usr/local/bin/node /usr/local/Cellar/yarn/1.19.1/libexec/bin/yarn.js

PATH: 
  /usr/local/opt/qt/bin:/Users/hoangdov/opt/anaconda3/bin:/Users/hoangdov/opt/anaconda3/condabin:/usr/local/bin:/usr/bin:/bin:/usr/sbin:/sbin:/usr/local/share/dotnet:~/.dotnet/tools:/Library/Apple/usr/bin:/Library/Frameworks/Mono.framework/Versions/Current/Commands:/usr/local/Cellar/node/12.12.0/bin

Yarn version: 
  1.19.1

Node version: 
  10.20.1

Platform: 
  darwin x64

Trace: 
  SyntaxError: /Users/hoangdov/Development/FullStackSohei/package.json: Unexpected token } in JSON at position 359
      at JSON.parse (<anonymous>)
      at /usr/local/Cellar/yarn/1.19.1/libexec/lib/cli.js:1625:59
      at Generator.next (<anonymous>)
      at step (/usr/local/Cellar/yarn/1.19.1/libexec/lib/cli.js:304:30)
      at /usr/local/Cellar/yarn/1.19.1/libexec/lib/cli.js:315:13

npm manifest: 
  {
    "name": "sohei-0622",
    "version": "1.0.0",
    "private": true,
    "scripts": {
      "dev": "nuxt",
      "build": "nuxt build",
      "start": "nuxt start",
      "generate": "nuxt generate"
    },
    "dependencies": {
      "@nuxtjs/axios": "^5.11.0",
      "@nuxtjs/bulma": "^1.2.7",
      "@nuxtjs/markdownit": "^1.2.9",
      "bulma": "^0.9.0",
      "nuxt": "^2.13.0",
    },
    "devDependencies": {}
  }

yarn manifest: 
  No manifest

Lockfile: 
  No lockfile
